2021-12-16 17:12:809 INFO  ManageDriver :32 - Launching Chrome Browser
2021-12-16 17:12:212 INFO  ManageDriver :32 - Launching Chrome Browser
2021-12-16 17:12:96 INFO  ManageDriver :32 - Launching Chrome Browser
2021-12-16 17:12:116 INFO  ManageDriver :32 - Launching Chrome Browser
2021-12-16 17:12:570 INFO  ManageDriver :32 - Launching Chrome Browser
2021-12-16 17:12:662 INFO  ManageDriver :32 - Launching Chrome Browser
2021-12-16 17:12:697 INFO  ManageDriver :32 - Launching Chrome Browser
2021-12-16 20:12:642 INFO  ManageDriver :32 - Launching Chrome Browser
2021-12-16 20:12:533 INFO  NewAndUsedCarSearchPage :45 - select make : Mitsubishi
2021-12-16 20:12:666 INFO  NewAndUsedCarSearchPage :52 - select model : Nimbus
2021-12-16 20:12:276 INFO  ManageDriver :32 - Launching Chrome Browser
2021-12-16 20:12:891 INFO  NewAndUsedCarSearchPage :45 - select make : Audi
2021-12-16 20:12:149 INFO  NewAndUsedCarSearchPage :52 - select model : A4
2021-12-16 20:12:893 INFO  ManageDriver :32 - Launching Chrome Browser
2021-12-16 20:12:288 INFO  ManageDriver :32 - Launching Chrome Browser
2021-12-16 20:12:252 INFO  ManageDriver :32 - Launching Chrome Browser
2021-12-16 20:12:855 INFO  ManageDriver :32 - Launching Chrome Browser
2021-12-16 20:12:136 INFO  ManageDriver :32 - Launching Chrome Browser
2021-12-16 20:12:898 INFO  ManageDriver :32 - Launching Chrome Browser
2021-12-16 20:12:95 INFO  ManageDriver :32 - Launching Chrome Browser
2021-12-16 20:12:333 INFO  ManageDriver :32 - Launching Chrome Browser
2021-12-16 20:12:472 INFO  ManageDriver :32 - Launching Chrome Browser
2021-12-16 20:12:857 INFO  ManageDriver :32 - Launching Chrome Browser
2021-12-16 20:12:237 INFO  ManageDriver :32 - Launching Chrome Browser
2021-12-16 20:12:176 INFO  ManageDriver :32 - Launching Chrome Browser
2021-12-16 20:12:88 INFO  ManageDriver :32 - Launching Chrome Browser
2021-12-16 20:12:836 INFO  ManageDriver :32 - Launching Chrome Browser
2021-12-16 20:12:40 INFO  ManageDriver :32 - Launching Chrome Browser
2021-12-16 20:12:391 INFO  ManageDriver :32 - Launching Chrome Browser
2021-12-16 20:12:62 INFO  ManageDriver :32 - Launching Chrome Browser
2021-12-16 20:12:79 INFO  ManageDriver :32 - Launching Chrome Browser
2021-12-16 20:12:481 INFO  ManageDriver :32 - Launching Chrome Browser
2021-12-16 20:12:655 INFO  ManageDriver :32 - Launching Chrome Browser
2021-12-16 20:12:997 INFO  ManageDriver :32 - Launching Chrome Browser
2021-12-16 20:12:626 INFO  ManageDriver :32 - Launching Chrome Browser
2021-12-16 21:12:598 INFO  ManageDriver :32 - Launching Chrome Browser
2021-12-16 21:12:58 INFO  ManageDriver :32 - Launching Chrome Browser
2021-12-16 21:12:337 INFO  NewAndUsedCarSearchPage :45 - select make : Mitsubishi
2021-12-16 21:12:437 INFO  NewAndUsedCarSearchPage :52 - select model : Nimbus
2021-12-16 21:12:95 INFO  ManageDriver :32 - Launching Chrome Browser
2021-12-16 21:12:181 INFO  ManageDriver :32 - Launching Chrome Browser
2021-12-16 21:12:731 INFO  ManageDriver :32 - Launching Chrome Browser
2021-12-16 21:12:285 INFO  ManageDriver :32 - Launching Chrome Browser
2021-12-16 21:12:311 INFO  ManageDriver :32 - Launching Chrome Browser
2021-12-16 21:12:126 INFO  ManageDriver :32 - Launching Chrome Browser
2021-12-16 21:12:701 INFO  ManageDriver :32 - Launching Chrome Browser
2021-12-16 21:12:408 INFO  ManageDriver :32 - Launching Chrome Browser
2021-12-16 21:12:69 INFO  ManageDriver :32 - Launching Chrome Browser
2021-12-16 22:12:649 INFO  ManageDriver :32 - Launching Chrome Browser
2021-12-16 22:12:709 INFO  ManageDriver :32 - Launching Chrome Browser
2021-12-16 22:12:761 INFO  ManageDriver :32 - Launching Chrome Browser
2021-12-16 22:12:835 INFO  NewAndUsedCarSearchPage :45 - select make : Mitsubishi
2021-12-16 22:12:966 INFO  NewAndUsedCarSearchPage :52 - select model : Nimbus
2021-12-16 22:12:799 INFO  ManageDriver :32 - Launching Chrome Browser
2021-12-16 22:12:956 INFO  ManageDriver :32 - Launching Chrome Browser
2021-12-16 22:12:441 INFO  ManageDriver :32 - Launching Chrome Browser
2021-12-16 22:12:460 INFO  ManageDriver :32 - Launching Chrome Browser
2021-12-16 22:12:640 INFO  ManageDriver :32 - Launching Chrome Browser
2021-12-16 22:12:147 INFO  ManageDriver :32 - Launching Chrome Browser
2021-12-16 22:12:62 INFO  ManageDriver :32 - Launching Chrome Browser
2021-12-16 22:12:963 INFO  ManageDriver :32 - Launching Chrome Browser
2021-12-16 22:12:830 INFO  ManageDriver :32 - Launching Chrome Browser
2021-12-16 22:12:973 INFO  ManageDriver :32 - Launching Chrome Browser
2021-12-16 22:12:411 INFO  ManageDriver :32 - Launching Chrome Browser
2021-12-16 22:12:62 INFO  ManageDriver :32 - Launching Chrome Browser
2021-12-16 22:12:604 INFO  ManageDriver :32 - Launching Chrome Browser
2021-12-16 22:12:585 INFO  ManageDriver :32 - Launching Chrome Browser
2021-12-16 22:12:84 INFO  ManageDriver :32 - Launching Chrome Browser
2021-12-16 22:12:92 INFO  ManageDriver :32 - Launching Chrome Browser
2021-12-16 22:12:470 INFO  ManageDriver :32 - Launching Chrome Browser
2021-12-16 22:12:90 INFO  ManageDriver :32 - Launching Chrome Browser
2021-12-16 22:12:121 INFO  ManageDriver :32 - Launching Chrome Browser
2021-12-16 22:12:384 INFO  ManageDriver :32 - Launching Chrome Browser
2021-12-16 22:12:679 INFO  ManageDriver :32 - Launching Chrome Browser
2021-12-16 22:12:661 INFO  ManageDriver :32 - Launching Chrome Browser
2021-12-16 22:12:785 INFO  ManageDriver :32 - Launching Chrome Browser
2021-12-16 22:12:213 INFO  ManageDriver :32 - Launching Chrome Browser
2021-12-16 22:12:586 INFO  ManageDriver :32 - Launching Chrome Browser
2021-12-16 22:12:48 INFO  ManageDriver :32 - Launching Chrome Browser
2021-12-16 22:12:956 INFO  ManageDriver :32 - Launching Chrome Browser
2021-12-16 22:12:416 INFO  ManageDriver :32 - Launching Chrome Browser
2021-12-16 22:12:984 INFO  NewAndUsedCarSearchPage :45 - select make : Mitsubishi
2021-12-16 22:12:274 INFO  NewAndUsedCarSearchPage :52 - select model : Nimbus
2021-12-16 22:12:823 INFO  ManageDriver :32 - Launching Chrome Browser
2021-12-16 22:12:472 INFO  ManageDriver :32 - Launching Chrome Browser
2021-12-16 22:12:118 INFO  NewAndUsedCarSearchPage :45 - select make : Mitsubishi
2021-12-16 22:12:213 INFO  NewAndUsedCarSearchPage :52 - select model : Nimbus
2021-12-16 22:12:285 INFO  NewAndUsedCarSearchPage :58 - select location : Any Location
2021-12-16 22:12:380 INFO  NewAndUsedCarSearchPage :64 - select price : $10,000
2021-12-16 22:12:133 INFO  ManageDriver :32 - Launching Chrome Browser
2021-12-16 22:12:455 INFO  NewAndUsedCarSearchPage :45 - select make : Audi
2021-12-16 22:12:59 INFO  NewAndUsedCarSearchPage :52 - select model : A4
2021-12-16 22:12:786 INFO  ManageDriver :32 - Launching Chrome Browser
2021-12-16 22:12:980 INFO  NewAndUsedCarSearchPage :45 - select make : Mitsubishi
2021-12-16 22:12:170 INFO  NewAndUsedCarSearchPage :52 - select model : Nimbus
2021-12-16 22:12:232 INFO  NewAndUsedCarSearchPage :58 - select location : Any Location
2021-12-16 22:12:314 INFO  NewAndUsedCarSearchPage :64 - select price : $10,000
2021-12-16 22:12:173 INFO  ManageDriver :32 - Launching Chrome Browser
2021-12-16 22:12:630 INFO  NewAndUsedCarSearchPage :45 - select make : Audi
2021-12-16 22:12:788 INFO  NewAndUsedCarSearchPage :52 - select model : A4
2021-12-16 22:12:842 INFO  NewAndUsedCarSearchPage :58 - select location : Any Location
2021-12-16 22:12:927 INFO  NewAndUsedCarSearchPage :64 - select price : $7,500
2021-12-16 22:12:790 INFO  ManageDriver :32 - Launching Chrome Browser
2021-12-16 22:12:154 INFO  NewAndUsedCarSearchPage :45 - select make : Hyundai
2021-12-16 22:12:251 INFO  NewAndUsedCarSearchPage :52 - select model : I45
2021-12-16 22:12:298 INFO  NewAndUsedCarSearchPage :58 - select location : Any Location
2021-12-16 22:12:391 INFO  NewAndUsedCarSearchPage :64 - select price : $10,000
2021-12-16 22:12:219 INFO  ManageDriver :32 - Launching Chrome Browser
2021-12-16 22:12:958 INFO  NewAndUsedCarSearchPage :45 - select make : Mazda
2021-12-16 22:12:42 INFO  NewAndUsedCarSearchPage :52 - select model : 6B
2021-12-16 22:12:133 INFO  NewAndUsedCarSearchPage :58 - select location : ACT - All
2021-12-16 22:12:222 INFO  NewAndUsedCarSearchPage :64 - select price : $10,000
2021-12-16 22:12:36 INFO  ManageDriver :32 - Launching Chrome Browser
2021-12-16 22:12:331 INFO  NewAndUsedCarSearchPage :45 - select make : Mercedes-Benz
2021-12-16 22:12:615 INFO  ManageDriver :32 - Launching Chrome Browser
2021-12-16 22:12:270 INFO  NewAndUsedCarSearchPage :45 - select make : Kia
2021-12-16 22:12:503 INFO  NewAndUsedCarSearchPage :52 - select model : Niro
2021-12-16 22:12:595 INFO  NewAndUsedCarSearchPage :58 - select location : ACT - All
2021-12-16 22:12:679 INFO  NewAndUsedCarSearchPage :64 - select price : $7,500
2021-12-16 22:12:430 INFO  ManageDriver :32 - Launching Chrome Browser
2021-12-16 22:12:179 INFO  NewAndUsedCarSearchPage :45 - select make : Mitsubishi
2021-12-16 22:12:582 INFO  NewAndUsedCarSearchPage :52 - select model : Nimbus
2021-12-16 22:12:640 INFO  NewAndUsedCarSearchPage :58 - select location : Any Location
2021-12-16 22:12:724 INFO  NewAndUsedCarSearchPage :64 - select price : $10,000
2021-12-16 22:12:594 INFO  ManageDriver :32 - Launching Chrome Browser
2021-12-16 22:12:137 INFO  NewAndUsedCarSearchPage :45 - select make : Audi
2021-12-16 22:12:311 INFO  NewAndUsedCarSearchPage :52 - select model : A4
2021-12-16 22:12:368 INFO  NewAndUsedCarSearchPage :58 - select location : Any Location
2021-12-16 22:12:449 INFO  NewAndUsedCarSearchPage :64 - select price : $7,500
2021-12-16 22:12:312 INFO  ManageDriver :32 - Launching Chrome Browser
2021-12-16 22:12:619 INFO  NewAndUsedCarSearchPage :45 - select make : Hyundai
2021-12-16 22:12:920 INFO  NewAndUsedCarSearchPage :52 - select model : I45
2021-12-16 22:12:969 INFO  NewAndUsedCarSearchPage :58 - select location : Any Location
2021-12-16 22:12:48 INFO  NewAndUsedCarSearchPage :64 - select price : $10,000
2021-12-16 22:12:960 INFO  ManageDriver :32 - Launching Chrome Browser
2021-12-16 22:12:540 INFO  NewAndUsedCarSearchPage :45 - select make : Mazda
2021-12-16 22:12:793 INFO  NewAndUsedCarSearchPage :52 - select model : 6B
2021-12-16 22:12:874 INFO  NewAndUsedCarSearchPage :58 - select location : ACT - All
2021-12-16 22:12:959 INFO  NewAndUsedCarSearchPage :64 - select price : $10,000
2021-12-16 22:12:811 INFO  ManageDriver :32 - Launching Chrome Browser
2021-12-16 22:12:846 INFO  NewAndUsedCarSearchPage :45 - select make : Mercedes-Benz
2021-12-16 22:12:09 INFO  NewAndUsedCarSearchPage :52 - select model : A-Class
2021-12-16 22:12:98 INFO  NewAndUsedCarSearchPage :58 - select location : NSW - Sydney
2021-12-16 22:12:186 INFO  NewAndUsedCarSearchPage :64 - select price : $7,500
2021-12-16 22:12:83 INFO  ManageDriver :32 - Launching Chrome Browser
2021-12-16 22:12:245 INFO  NewAndUsedCarSearchPage :45 - select make : Kia
2021-12-16 22:12:394 INFO  NewAndUsedCarSearchPage :52 - select model : Niro
2021-12-16 22:12:476 INFO  NewAndUsedCarSearchPage :58 - select location : ACT - All
2021-12-16 22:12:548 INFO  NewAndUsedCarSearchPage :64 - select price : $7,500
2021-12-16 22:12:268 INFO  ManageDriver :32 - Launching Chrome Browser
2021-12-16 22:12:944 INFO  NewAndUsedCarSearchPage :45 - select make : Mitsubishi
2021-12-16 22:12:116 INFO  NewAndUsedCarSearchPage :52 - select model : Nimbus
2021-12-16 22:12:420 INFO  ManageDriver :32 - Launching Chrome Browser
2021-12-16 22:12:956 INFO  ManageDriver :32 - Launching Chrome Browser
2021-12-16 22:12:644 INFO  ManageDriver :32 - Launching Chrome Browser
2021-12-16 22:12:326 INFO  ManageDriver :32 - Launching Chrome Browser
2021-12-16 22:12:691 INFO  NewAndUsedCarSearchPage :45 - select make : Mercedes-Benz
2021-12-16 22:12:856 INFO  NewAndUsedCarSearchPage :52 - select model : A-Class
2021-12-16 22:12:232 INFO  ManageDriver :32 - Launching Chrome Browser
2021-12-16 22:12:207 INFO  ManageDriver :32 - Launching Chrome Browser
2021-12-16 22:12:832 INFO  NewAndUsedCarSearchPage :45 - select make : Mitsubishi
2021-12-16 22:12:929 INFO  NewAndUsedCarSearchPage :52 - select model : Nimbus
2021-12-16 22:12:990 INFO  NewAndUsedCarSearchPage :58 - select location : Any Location
2021-12-16 22:12:87 INFO  NewAndUsedCarSearchPage :64 - select price : $3,000
2021-12-16 22:12:897 INFO  ManageDriver :32 - Launching Chrome Browser
2021-12-16 22:12:901 INFO  NewAndUsedCarSearchPage :45 - select make : Audi
2021-12-16 22:12:990 INFO  NewAndUsedCarSearchPage :52 - select model : A4
2021-12-16 22:12:52 INFO  NewAndUsedCarSearchPage :58 - select location : Any Location
2021-12-16 22:12:40 INFO  ManageDriver :32 - Launching Chrome Browser
2021-12-16 22:12:272 INFO  NewAndUsedCarSearchPage :45 - select make : Hyundai
2021-12-16 22:12:393 INFO  NewAndUsedCarSearchPage :52 - select model : I45
2021-12-16 22:12:451 INFO  NewAndUsedCarSearchPage :58 - select location : Any Location
2021-12-16 22:12:546 INFO  NewAndUsedCarSearchPage :64 - select price : $3,000
2021-12-16 22:12:323 INFO  ManageDriver :32 - Launching Chrome Browser
2021-12-16 22:12:946 INFO  NewAndUsedCarSearchPage :45 - select make : Mazda
2021-12-16 22:12:36 INFO  NewAndUsedCarSearchPage :52 - select model : 6B
2021-12-16 22:12:127 INFO  NewAndUsedCarSearchPage :58 - select location : ACT - All
2021-12-16 22:12:205 INFO  NewAndUsedCarSearchPage :64 - select price : $5,000
2021-12-16 22:12:911 INFO  ManageDriver :32 - Launching Chrome Browser
2021-12-16 22:12:62 INFO  NewAndUsedCarSearchPage :45 - select make : Mercedes-Benz
2021-12-16 22:12:221 INFO  NewAndUsedCarSearchPage :52 - select model : A-Class
2021-12-16 22:12:308 INFO  NewAndUsedCarSearchPage :58 - select location : NSW - Sydney
2021-12-16 22:12:395 INFO  NewAndUsedCarSearchPage :64 - select price : $7,500
2021-12-16 22:12:118 INFO  ManageDriver :32 - Launching Chrome Browser
2021-12-16 22:12:226 INFO  NewAndUsedCarSearchPage :45 - select make : Kia
2021-12-16 22:12:351 INFO  NewAndUsedCarSearchPage :52 - select model : Niro
2021-12-16 22:12:475 INFO  NewAndUsedCarSearchPage :58 - select location : ACT - All
2021-12-16 22:12:599 INFO  NewAndUsedCarSearchPage :64 - select price : $7,500
2021-12-16 22:12:483 INFO  ManageDriver :32 - Launching Chrome Browser
2021-12-16 22:12:495 INFO  NewAndUsedCarSearchPage :45 - select make : Mitsubishi
2021-12-16 22:12:593 INFO  NewAndUsedCarSearchPage :52 - select model : Nimbus
2021-12-16 22:12:644 INFO  NewAndUsedCarSearchPage :58 - select location : Any Location
2021-12-16 22:12:740 INFO  NewAndUsedCarSearchPage :64 - select price : $10,000
2021-12-16 22:12:616 INFO  ManageDriver :32 - Launching Chrome Browser
2021-12-16 22:12:44 INFO  NewAndUsedCarSearchPage :45 - select make : Audi
2021-12-16 22:12:211 INFO  NewAndUsedCarSearchPage :52 - select model : A4
2021-12-16 22:12:264 INFO  NewAndUsedCarSearchPage :58 - select location : Any Location
2021-12-16 22:12:349 INFO  NewAndUsedCarSearchPage :64 - select price : $7,500
2021-12-16 22:12:189 INFO  ManageDriver :32 - Launching Chrome Browser
2021-12-16 22:12:352 INFO  NewAndUsedCarSearchPage :45 - select make : Hyundai
2021-12-16 22:12:643 INFO  NewAndUsedCarSearchPage :52 - select model : I45
2021-12-16 22:12:695 INFO  NewAndUsedCarSearchPage :58 - select location : Any Location
2021-12-16 22:12:787 INFO  NewAndUsedCarSearchPage :64 - select price : $10,000
2021-12-16 22:12:721 INFO  ManageDriver :32 - Launching Chrome Browser
2021-12-16 22:12:748 INFO  NewAndUsedCarSearchPage :45 - select make : Mazda
2021-12-16 22:12:843 INFO  NewAndUsedCarSearchPage :52 - select model : 6B
2021-12-16 22:12:937 INFO  NewAndUsedCarSearchPage :58 - select location : ACT - All
2021-12-16 22:12:20 INFO  NewAndUsedCarSearchPage :64 - select price : $10,000
2021-12-16 22:12:868 INFO  ManageDriver :32 - Launching Chrome Browser
2021-12-16 22:12:886 INFO  NewAndUsedCarSearchPage :45 - select make : Mercedes-Benz
2021-12-16 22:12:994 INFO  NewAndUsedCarSearchPage :52 - select model : A-Class
2021-12-16 22:12:73 INFO  NewAndUsedCarSearchPage :58 - select location : NSW - Sydney
2021-12-16 22:12:159 INFO  NewAndUsedCarSearchPage :64 - select price : $7,500
2021-12-16 22:12:32 INFO  ManageDriver :32 - Launching Chrome Browser
2021-12-16 22:12:788 INFO  NewAndUsedCarSearchPage :45 - select make : Kia
2021-12-16 22:12:874 INFO  NewAndUsedCarSearchPage :52 - select model : Niro
2021-12-16 22:12:952 INFO  NewAndUsedCarSearchPage :58 - select location : ACT - All
2021-12-16 22:12:25 INFO  NewAndUsedCarSearchPage :64 - select price : $7,500
2021-12-16 23:12:942 INFO  ManageDriver :32 - Launching Chrome Browser
2021-12-17 21:12:389 INFO  ManageDriver :32 - Launching Chrome Browser
2021-12-17 21:12:790 INFO  ManageDriver :32 - Launching Chrome Browser
2021-12-17 21:12:836 INFO  ManageDriver :32 - Launching Chrome Browser
2021-12-17 21:12:872 INFO  ManageDriver :32 - Launching Chrome Browser
2021-12-17 21:12:48 INFO  ManageDriver :32 - Launching Chrome Browser
2021-12-17 21:12:419 INFO  ManageDriver :32 - Launching Chrome Browser
2021-12-17 21:12:731 INFO  ManageDriver :32 - Launching Chrome Browser
2021-12-17 21:12:482 INFO  ManageDriver :32 - Launching Chrome Browser
2021-12-17 21:12:614 INFO  ManageDriver :32 - Launching Chrome Browser
2021-12-17 21:12:950 INFO  ManageDriver :32 - Launching Chrome Browser
2021-12-17 21:12:201 INFO  ManageDriver :32 - Launching Chrome Browser
2021-12-17 21:12:298 INFO  ManageDriver :32 - Launching Chrome Browser
2022-03-01 10:03:430 INFO  ManageDriver :32 - Launching Chrome Browser
2022-03-01 10:03:440 INFO  ManageDriver :32 - Launching Chrome Browser
2022-03-01 10:03:889 INFO  ManageDriver :32 - Launching Chrome Browser
2022-03-01 10:03:785 INFO  ManageDriver :32 - Launching Chrome Browser
2022-03-01 10:03:737 INFO  ManageDriver :32 - Launching Chrome Browser
2022-03-01 10:03:225 INFO  ManageDriver :32 - Launching Chrome Browser
